\BOOKMARK [1][-]{section.1}{\376\377\000S\000i\000g\000n\000i\000f\000i\000c\000a\000d\000o\000\040\000d\000e\000\040\000l\000o\000s\000\040\000c\000o\000n\000e\000c\000t\000i\000v\000o\000s\000\040\000l\000\363\000g\000i\000c\000o\000s}{}% 1
\BOOKMARK [2][-]{subsection.1.1}{\376\377\000N\000e\000g\000a\000c\000i\000\363\000n}{section.1}% 2
\BOOKMARK [3][-]{subsubsection.1.1.1}{\376\377\000T\000a\000b\000l\000a\000\040\000d\000e\000\040\000v\000e\000r\000d\000a\000d}{subsection.1.1}% 3
\BOOKMARK [2][-]{subsection.1.2}{\376\377\000D\000i\000s\000y\000u\000n\000c\000i\000\363\000n}{section.1}% 4
\BOOKMARK [3][-]{subsubsection.1.2.1}{\376\377\000D\000e\000s\000c\000r\000i\000p\000c\000i\000\363\000n}{subsection.1.2}% 5
\BOOKMARK [3][-]{subsubsection.1.2.2}{\376\377\000T\000a\000b\000l\000a\000\040\000d\000e\000\040\000v\000e\000r\000d\000a\000d}{subsection.1.2}% 6
\BOOKMARK [2][-]{subsection.1.3}{\376\377\000C\000o\000n\000j\000u\000n\000c\000i\000\363\000n}{section.1}% 7
\BOOKMARK [3][-]{subsubsection.1.3.1}{\376\377\000D\000e\000s\000c\000r\000i\000p\000c\000i\000\363\000n}{subsection.1.3}% 8
\BOOKMARK [3][-]{subsubsection.1.3.2}{\376\377\000T\000a\000b\000l\000a\000\040\000d\000e\000\040\000v\000e\000r\000d\000a\000d}{subsection.1.3}% 9
\BOOKMARK [2][-]{subsection.1.4}{\376\377\000I\000m\000p\000l\000i\000c\000a\000c\000i\000\363\000n}{section.1}% 10
\BOOKMARK [3][-]{subsubsection.1.4.1}{\376\377\000D\000e\000s\000c\000r\000i\000p\000c\000i\000\363\000n}{subsection.1.4}% 11
\BOOKMARK [3][-]{subsubsection.1.4.2}{\376\377\000T\000a\000b\000l\000a\000\040\000d\000e\000\040\000v\000e\000r\000d\000a\000d}{subsection.1.4}% 12
\BOOKMARK [2][-]{subsection.1.5}{\376\377\000D\000o\000b\000l\000e\000\040\000i\000m\000p\000l\000i\000c\000a\000c\000i\000\363\000n}{section.1}% 13
\BOOKMARK [3][-]{subsubsection.1.5.1}{\376\377\000D\000e\000s\000c\000r\000i\000p\000c\000i\000\363\000n}{subsection.1.5}% 14
\BOOKMARK [3][-]{subsubsection.1.5.2}{\376\377\000T\000a\000b\000l\000a\000\040\000d\000e\000\040\000v\000e\000r\000d\000a\000d}{subsection.1.5}% 15
\BOOKMARK [1][-]{section.2}{\376\377\000S\000e\000m\000\341\000n\000t\000i\000c\000a\000\040\000f\000o\000r\000m\000a\000l\000\040\000d\000e\000\040\000l\000o\000s\000\040\000c\000o\000n\000e\000c\000t\000i\000v\000o\000s}{}% 16
\BOOKMARK [2][-]{subsection.2.1}{\376\377\000S\000e\000m\000\341\000n\000t\000i\000c\000a\000\040\000f\000o\000r\000m\000a\000l\000\040\000d\000e\000\040\000l\000o\000s\000\040\000c\000o\000n\000e\000c\000t\000i\000v\000o\000s\000\040\000l\000\363\000g\000i\000c\000o\000s}{section.2}% 17
\BOOKMARK [3][-]{subsubsection.2.1.1}{\376\377\000T\000i\000p\000o\000\040\000B\000o\000o\000l}{subsection.2.1}% 18
\BOOKMARK [3][-]{subsubsection.2.1.2}{\376\377\000E\000s\000t\000a\000d\000o}{subsection.2.1}% 19
\BOOKMARK [3][-]{subsubsection.2.1.3}{\376\377\000I\000n\000t\000e\000r\000p\000r\000e\000t\000a\000c\000i\000\363\000n}{subsection.2.1}% 20
\BOOKMARK [3][-]{subsubsection.2.1.4}{\376\377\000S\000o\000b\000r\000e\000c\000a\000r\000g\000a\000\040\000d\000e\000\040\000o\000p\000e\000r\000a\000d\000o\000r\000e\000s}{subsection.2.1}% 21
\BOOKMARK [2][-]{subsection.2.2}{\376\377\000L\000e\000m\000a\000\040\000d\000e\000\040\000c\000o\000i\000n\000c\000i\000d\000e\000n\000c\000i\000a}{section.2}% 22
\BOOKMARK [2][-]{subsection.2.3}{\376\377\000E\000s\000t\000a\000d\000o\000\040\000m\000o\000d\000i\000f\000i\000c\000a\000d\000o\000\040\000o\000\040\000a\000c\000t\000u\000a\000l\000i\000z\000a\000d\000o}{section.2}% 23
\BOOKMARK [2][-]{subsection.2.4}{\376\377\000L\000e\000m\000a\000\040\000d\000e\000\040\000s\000u\000s\000t\000i\000t\000u\000c\000i\000\363\000n}{section.2}% 24
\BOOKMARK [1][-]{section.3}{\376\377\000C\000o\000n\000c\000e\000p\000t\000o\000s\000\040\000S\000e\000m\000\341\000n\000t\000i\000c\000o\000s\000\040\000B\000\341\000s\000i\000c\000o\000s}{}% 25
\BOOKMARK [2][-]{subsection.3.1}{\376\377\000T\000a\000u\000t\000o\000l\000o\000g\000\355\000a}{section.3}% 26
\BOOKMARK [2][-]{subsection.3.2}{\376\377\000S\000a\000t\000i\000s\000f\000a\000c\000i\000b\000l\000e}{section.3}% 27
\BOOKMARK [2][-]{subsection.3.3}{\376\377\000I\000n\000s\000a\000t\000i\000s\000f\000a\000c\000i\000b\000l\000e}{section.3}% 28
\BOOKMARK [2][-]{subsection.3.4}{\376\377\000C\000o\000n\000t\000r\000a\000d\000i\000c\000c\000i\000\363\000n}{section.3}% 29
\BOOKMARK [2][-]{subsection.3.5}{\376\377\000C\000o\000n\000j\000u\000n\000t\000o\000\040\000d\000e\000\040\000f\000\363\000r\000m\000u\000l\000a\000s}{section.3}% 30
\BOOKMARK [2][-]{subsection.3.6}{\376\377\000P\000r\000o\000p\000o\000s\000i\000c\000i\000\363\000n}{section.3}% 31
\BOOKMARK [2][-]{subsection.3.7}{\376\377\000P\000r\000o\000p\000o\000s\000i\000c\000i\000\363\000n}{section.3}% 32
\BOOKMARK [1][-]{section.4}{\376\377\000E\000j\000e\000r\000c\000i\000c\000i\000o\000s}{}% 33
\BOOKMARK [2][-]{subsection.4.1}{\376\377\000E\000j\000e\000r\000c\000i\000c\000i\000o\000\040\0001}{section.4}% 34
\BOOKMARK [3][-]{subsubsection.4.1.1}{\376\377\000S\000o\000l\000u\000c\000i\000\363\000n}{subsection.4.1}% 35
\BOOKMARK [3][-]{subsubsection.4.1.2}{\376\377\000T\000a\000b\000l\000a\000\040\000d\000e\000\040\000v\000e\000r\000d\000a\000d}{subsection.4.1}% 36
\BOOKMARK [2][-]{subsection.4.2}{\376\377\000E\000j\000e\000r\000c\000i\000c\000i\000o\000\040\0002}{section.4}% 37
\BOOKMARK [2][-]{subsection.4.3}{\376\377\000E\000j\000e\000r\000c\000i\000c\000i\000o\000\040\0003}{section.4}% 38
\BOOKMARK [2][-]{subsection.4.4}{\376\377\000E\000j\000e\000r\000c\000i\000c\000i\000o\000\040\0004}{section.4}% 39
\BOOKMARK [3][-]{subsubsection.4.4.1}{\376\377\000S\000o\000l\000u\000c\000i\000\363\000n}{subsection.4.4}% 40
\BOOKMARK [2][-]{subsection.4.5}{\376\377\000E\000j\000e\000r\000c\000i\000c\000i\000o\000\040\0005}{section.4}% 41
\BOOKMARK [3][-]{subsubsection.4.5.1}{\376\377\000S\000o\000l\000u\000c\000i\000\363\000n}{subsection.4.5}% 42
