\BOOKMARK [1][-]{section.1}{\376\377\000\277\000P\000o\000r\000\040\000q\000u\000\351\000\040\000e\000s\000t\000u\000d\000i\000a\000r\000\040\000l\000\363\000g\000i\000c\000a\000\040\000c\000o\000m\000p\000u\000t\000a\000c\000i\000o\000n\000a\000l\000?}{}% 1
\BOOKMARK [1][-]{section.2}{\376\377\000\277\000P\000o\000r\000\040\000q\000u\000\351\000\040\000n\000e\000c\000e\000s\000i\000t\000a\000m\000o\000s\000\040\000l\000a\000\040\000f\000o\000r\000m\000a\000l\000i\000z\000a\000c\000i\000\363\000n\000\040\000d\000e\000l\000\040\000r\000a\000z\000o\000n\000a\000m\000i\000e\000n\000t\000o\000\040\000c\000o\000r\000r\000e\000c\000t\000o\000?}{}% 2
\BOOKMARK [1][-]{section.3}{\376\377\000A\000r\000g\000u\000m\000e\000n\000t\000o\000s\000\040\000l\000\363\000g\000i\000c\000o\000s}{}% 3
\BOOKMARK [2][-]{subsection.3.1}{\376\377\000D\000e\000f\000i\000n\000i\000c\000i\000\363\000n}{section.3}% 4
\BOOKMARK [2][-]{subsection.3.2}{\376\377\000A\000c\000e\000r\000c\000a\000\040\000d\000e\000\040\000l\000a\000s\000\040\000p\000r\000e\000m\000i\000s\000a\000s\000\040\000y\000\040\000d\000e\000\040\000l\000a\000\040\000c\000o\000n\000c\000l\000u\000s\000i\000\363\000n}{section.3}% 5
\BOOKMARK [2][-]{subsection.3.3}{\376\377\000V\000a\000l\000i\000d\000e\000z\000\040\000d\000e\000\040\000u\000n\000\040\000a\000r\000g\000u\000m\000e\000n\000t\000o}{section.3}% 6
\BOOKMARK [2][-]{subsection.3.4}{\376\377\000E\000j\000e\000m\000p\000l\000o}{section.3}% 7
\BOOKMARK [3][-]{subsubsection.3.4.1}{\376\377\000L\000a\000\040\000i\000s\000l\000a\000\040\000d\000e\000\040\000l\000o\000s\000\040\000c\000a\000b\000a\000l\000l\000e\000r\000o\000s\000\040\000y\000\040\000l\000o\000s\000\040\000b\000r\000i\000b\000o\000n\000e\000s}{subsection.3.4}% 8
\BOOKMARK [3][-]{subsubsection.3.4.2}{\376\377\000L\000\363\000g\000i\000c\000a}{subsection.3.4}% 9
\BOOKMARK [2][-]{subsection.3.5}{\376\377\000C\000a\000r\000a\000c\000t\000e\000r\000\355\000s\000t\000i\000c\000a\000s\000\040\000d\000e\000\040\000u\000n\000\040\000a\000r\000g\000u\000m\000e\000n\000t\000o\000\040\000l\000\363\000g\000i\000c\000o}{section.3}% 10
\BOOKMARK [1][-]{section.4}{\376\377\000S\000i\000s\000t\000e\000m\000a\000\040\000l\000\363\000g\000i\000c\000o}{}% 11
\BOOKMARK [2][-]{subsection.4.1}{\376\377\000S\000i\000n\000t\000a\000x\000i\000s}{section.4}% 12
\BOOKMARK [2][-]{subsection.4.2}{\376\377\000S\000e\000m\000\341\000n\000t\000i\000c\000a}{section.4}% 13
\BOOKMARK [2][-]{subsection.4.3}{\376\377\000T\000e\000o\000r\000\355\000a\000\040\000d\000e\000\040\000l\000a\000\040\000p\000r\000u\000e\000b\000a}{section.4}% 14
\BOOKMARK [2][-]{subsection.4.4}{\376\377\000P\000r\000o\000p\000i\000e\000d\000a\000d\000e\000s}{section.4}% 15
\BOOKMARK [3][-]{subsubsection.4.4.1}{\376\377\000C\000o\000n\000s\000i\000s\000t\000e\000n\000c\000i\000a}{subsection.4.4}% 16
\BOOKMARK [3][-]{subsubsection.4.4.2}{\376\377\000C\000o\000r\000r\000e\000c\000t\000u\000d}{subsection.4.4}% 17
\BOOKMARK [3][-]{subsubsection.4.4.3}{\376\377\000C\000o\000m\000p\000l\000e\000t\000u\000d}{subsection.4.4}% 18
\BOOKMARK [1][-]{section.5}{\376\377\000L\000\363\000g\000i\000c\000a\000\040\000p\000r\000o\000p\000o\000s\000i\000c\000i\000o\000n\000a\000l}{}% 19
\BOOKMARK [2][-]{subsection.5.1}{\376\377\000P\000r\000o\000p\000o\000s\000i\000c\000i\000\363\000n}{section.5}% 20
\BOOKMARK [2][-]{subsection.5.2}{\376\377\000L\000e\000n\000g\000u\000a\000j\000e\000\040\000P\000R\000O\000P}{section.5}% 21
\BOOKMARK [2][-]{subsection.5.3}{\376\377\000E\000x\000p\000r\000e\000s\000i\000o\000n\000e\000s\000\040\000e\000n\000\040\000e\000l\000\040\000l\000e\000n\000g\000u\000a\000j\000e\000\040\000P\000R\000O\000P}{section.5}% 22
\BOOKMARK [3][-]{subsubsection.5.3.1}{\376\377\000D\000e\000f\000i\000n\000i\000c\000i\000\363\000n\000\040\000r\000e\000c\000u\000r\000s\000i\000v\000a}{subsection.5.3}% 23
\BOOKMARK [3][-]{subsubsection.5.3.2}{\376\377\000B\000a\000c\000k\000u\000s\000-\000N\000a\000u\000r}{subsection.5.3}% 24
\BOOKMARK [2][-]{subsection.5.4}{\376\377\000P\000r\000e\000c\000e\000d\000e\000n\000c\000i\000a\000\040\000y\000\040\000a\000s\000o\000c\000i\000a\000t\000i\000v\000i\000d\000a\000d\000\040\000d\000e\000\040\000l\000o\000s\000\040\000o\000p\000e\000r\000a\000d\000o\000r\000e\000s\000\040\000l\000\363\000g\000i\000c\000o\000s}{section.5}% 25
\BOOKMARK [2][-]{subsection.5.5}{\376\377\000E\000l\000i\000m\000i\000n\000a\000c\000i\000\363\000n\000\040\000d\000e\000\040\000p\000a\000r\000\351\000n\000t\000e\000s\000i\000s\000\040\000i\000n\000n\000e\000c\000e\000s\000a\000r\000i\000o\000s}{section.5}% 26
